<?xml version="1.0" encoding="UTF-8"?>
<!-- Generated by org.testng.reporters.JUnitXMLReporter -->
<testsuite ignored="0" hostname="Dinesh" failures="0" tests="7" name="Test" time="0.261" errors="0" timestamp="2021-01-31T10:52:03 IST">
  <testcase classname="com.crm.qa.testcases.ContactsPageTest" name="@BeforeMethod setup" time="0.013">
    <failure type="java.lang.NullPointerException" message="Cannot invoke &amp;quot;String.contains(java.lang.CharSequence)&amp;quot; because &amp;quot;browserName&amp;quot; is null">
      <![CDATA[java.lang.NullPointerException: Cannot invoke "String.contains(java.lang.CharSequence)" because "browserName" is null
at com.crm.qa.base.BaseClass.initialize_driver(BaseClass.java:36)
at com.crm.qa.testcases.ContactsPageTest.setup(ContactsPageTest.java:26)
at java.base/java.util.ArrayList.forEach(ArrayList.java:1511)
... Removed 31 stack frames]]>
    </failure>
  </testcase> <!-- @BeforeMethod setup -->
  <testcase classname="com.crm.qa.testcases.ContactsPageTest" name="@AfterMethod tearDown" time="-1.612070523571E9">
    <skipped/>
  </testcase> <!-- @AfterMethod tearDown -->
  <testcase classname="com.crm.qa.testcases.ContactsPageTest" name="@BeforeMethod setup" time="-1.612070523576E9">
    <skipped/>
  </testcase> <!-- @BeforeMethod setup -->
  <testcase classname="com.crm.qa.testcases.ContactsPageTest" name="@AfterMethod tearDown" time="-1.612070523595E9">
    <skipped/>
  </testcase> <!-- @AfterMethod tearDown -->
  <testcase classname="com.crm.qa.testcases.HomePageTest" name="@BeforeMethod setup" time="0.001">
    <failure type="java.lang.NullPointerException" message="Cannot invoke &amp;quot;String.contains(java.lang.CharSequence)&amp;quot; because &amp;quot;browserName&amp;quot; is null">
      <![CDATA[java.lang.NullPointerException: Cannot invoke "String.contains(java.lang.CharSequence)" because "browserName" is null
at com.crm.qa.base.BaseClass.initialize_driver(BaseClass.java:36)
at com.crm.qa.testcases.HomePageTest.setup(HomePageTest.java:26)
at java.base/java.util.ArrayList.forEach(ArrayList.java:1511)
... Removed 31 stack frames]]>
    </failure>
  </testcase> <!-- @BeforeMethod setup -->
  <testcase classname="com.crm.qa.testcases.HomePageTest" name="@AfterMethod tearDown" time="-1.612070523612E9">
    <skipped/>
  </testcase> <!-- @AfterMethod tearDown -->
  <testcase classname="com.crm.qa.testcases.HomePageTest" name="@BeforeMethod setup" time="-1.612070523617E9">
    <skipped/>
  </testcase> <!-- @BeforeMethod setup -->
  <testcase classname="com.crm.qa.testcases.HomePageTest" name="@AfterMethod tearDown" time="-1.612070523628E9">
    <skipped/>
  </testcase> <!-- @AfterMethod tearDown -->
  <testcase classname="com.crm.qa.testcases.HomePageTest" name="@BeforeMethod setup" time="-1.612070523631E9">
    <skipped/>
  </testcase> <!-- @BeforeMethod setup -->
  <testcase classname="com.crm.qa.testcases.HomePageTest" name="@AfterMethod tearDown" time="-1.612070523651E9">
    <skipped/>
  </testcase> <!-- @AfterMethod tearDown -->
  <testcase classname="com.crm.qa.testcases.LoginTest" name="@BeforeMethod setup" time="0.0">
    <failure type="java.lang.NullPointerException" message="Cannot invoke &amp;quot;String.contains(java.lang.CharSequence)&amp;quot; because &amp;quot;browserName&amp;quot; is null">
      <![CDATA[java.lang.NullPointerException: Cannot invoke "String.contains(java.lang.CharSequence)" because "browserName" is null
at com.crm.qa.base.BaseClass.initialize_driver(BaseClass.java:36)
at com.crm.qa.testcases.LoginTest.setup(LoginTest.java:23)
at java.base/java.util.ArrayList.forEach(ArrayList.java:1511)
... Removed 31 stack frames]]>
    </failure>
  </testcase> <!-- @BeforeMethod setup -->
  <testcase classname="com.crm.qa.testcases.LoginTest" name="@AfterMethod tear_down" time="-1.612070523711E9">
    <skipped/>
  </testcase> <!-- @AfterMethod tear_down -->
  <testcase classname="com.crm.qa.testcases.LoginTest" name="@BeforeMethod setup" time="-1.612070523714E9">
    <skipped/>
  </testcase> <!-- @BeforeMethod setup -->
  <testcase classname="com.crm.qa.testcases.LoginTest" name="@AfterMethod tear_down" time="-1.612070523722E9">
    <skipped/>
  </testcase> <!-- @AfterMethod tear_down -->
  <testcase classname="com.crm.qa.testcases.ContactsPageTest" name="selectAcontact" time="0.0">
    <skipped/>
  </testcase> <!-- selectAcontact -->
  <testcase classname="com.crm.qa.testcases.ContactsPageTest" name="verifyContactsLabel" time="0.0">
    <skipped/>
  </testcase> <!-- verifyContactsLabel -->
  <testcase classname="com.crm.qa.testcases.HomePageTest" name="VerifyContactLinkTest" time="0.0">
    <skipped/>
  </testcase> <!-- VerifyContactLinkTest -->
  <testcase classname="com.crm.qa.testcases.HomePageTest" name="VerifyHomePageTitle" time="0.0">
    <skipped/>
  </testcase> <!-- VerifyHomePageTitle -->
  <testcase classname="com.crm.qa.testcases.HomePageTest" name="VerifyUserNameinTheHomePage" time="0.0">
    <skipped/>
  </testcase> <!-- VerifyUserNameinTheHomePage -->
  <testcase classname="com.crm.qa.testcases.LoginTest" name="login_page_Test" time="0.0">
    <skipped/>
  </testcase> <!-- login_page_Test -->
  <testcase classname="com.crm.qa.testcases.LoginTest" name="login_to_App" time="0.0">
    <skipped/>
  </testcase> <!-- login_to_App -->
</testsuite> <!-- Test -->
